
Lmod is automatically replacing "intel/2021.3.0" with "gcc/9.3.0".


Due to MODULEPATH changes, the following have been reloaded:
  1) mvapich2/2.3.4

/share/Apps/alt/amrex/23.02/avx2/gcc/9.3.0/mvapich2/2.3.4
MPI initialized with 32 MPI processes
MPI initialized with thread support level 0
AMReX (23.02) initialized
Using default ref_ratio = 2 at all levels
Successfully read inputs file ... 
Writing plotfile plt00000

Coarse STEP 1 starts ...
[Level 0 step 1] ADVANCE with time = 0 dt = 0.025
[Level 0 step 1] Advanced 512 cells
[Level 1 step 1] ADVANCE with time = 0 dt = 0.0125
[Level 1 step 1] Advanced 768 cells
[Level 1 step 2] ADVANCE with time = 0.0125 dt = 0.0125
[Level 1 step 2] Advanced 768 cells
Coarse STEP 1 ends. TIME = 0.025 DT = 0.025

Coarse STEP 2 starts ...
[Level 0 step 2] ADVANCE with time = 0.025 dt = 0.025
[Level 0 step 2] Advanced 512 cells
[Level 1 step 3] ADVANCE with time = 0.025 dt = 0.0125
[Level 1 step 3] Advanced 768 cells
[Level 1 step 4] ADVANCE with time = 0.0375 dt = 0.0125
[Level 1 step 4] Advanced 768 cells
Coarse STEP 2 ends. TIME = 0.05 DT = 0.025

Coarse STEP 3 starts ...
[Level 0 step 3] ADVANCE with time = 0.05 dt = 0.025
[Level 0 step 3] Advanced 512 cells
[Level 1 step 5] ADVANCE with time = 0.05 dt = 0.0125
[Level 1 step 5] Advanced 768 cells
[Level 1 step 6] ADVANCE with time = 0.0625 dt = 0.0125
[Level 1 step 6] Advanced 768 cells
Coarse STEP 3 ends. TIME = 0.075 DT = 0.025

Coarse STEP 4 starts ...
[Level 0 step 4] ADVANCE with time = 0.075 dt = 0.025
[Level 0 step 4] Advanced 512 cells
[Level 1 step 7] ADVANCE with time = 0.075 dt = 0.0125
[Level 1 step 7] Advanced 768 cells
[Level 1 step 8] ADVANCE with time = 0.0875 dt = 0.0125
[Level 1 step 8] Advanced 768 cells
Coarse STEP 4 ends. TIME = 0.1 DT = 0.025

Coarse STEP 5 starts ...
[Level 0 step 5] ADVANCE with time = 0.1 dt = 0.025
[Level 0 step 5] Advanced 512 cells
[Level 1 step 9] ADVANCE with time = 0.1 dt = 0.0125
[Level 1 step 9] Advanced 768 cells
[Level 1 step 10] ADVANCE with time = 0.1125 dt = 0.0125
[Level 1 step 10] Advanced 768 cells
Coarse STEP 5 ends. TIME = 0.125 DT = 0.025

Coarse STEP 6 starts ...
[Level 0 step 6] ADVANCE with time = 0.125 dt = 0.025
[Level 0 step 6] Advanced 512 cells
[Level 1 step 11] ADVANCE with time = 0.125 dt = 0.0125
[Level 1 step 11] Advanced 768 cells
[Level 1 step 12] ADVANCE with time = 0.1375 dt = 0.0125
[Level 1 step 12] Advanced 768 cells
Coarse STEP 6 ends. TIME = 0.15 DT = 0.025

Coarse STEP 7 starts ...
[Level 0 step 7] ADVANCE with time = 0.15 dt = 0.025
[Level 0 step 7] Advanced 512 cells
[Level 1 step 13] ADVANCE with time = 0.15 dt = 0.0125
[Level 1 step 13] Advanced 768 cells
[Level 1 step 14] ADVANCE with time = 0.1625 dt = 0.0125
[Level 1 step 14] Advanced 768 cells
Coarse STEP 7 ends. TIME = 0.175 DT = 0.025

Coarse STEP 8 starts ...
[Level 0 step 8] ADVANCE with time = 0.175 dt = 0.025
[Level 0 step 8] Advanced 512 cells
[Level 1 step 15] ADVANCE with time = 0.175 dt = 0.0125
[Level 1 step 15] Advanced 768 cells
[Level 1 step 16] ADVANCE with time = 0.1875 dt = 0.0125
[Level 1 step 16] Advanced 768 cells
Coarse STEP 8 ends. TIME = 0.2 DT = 0.025

Coarse STEP 9 starts ...
[Level 0 step 9] ADVANCE with time = 0.2 dt = 0.025
[Level 0 step 9] Advanced 512 cells
[Level 1 step 17] ADVANCE with time = 0.2 dt = 0.0125
[Level 1 step 17] Advanced 768 cells
[Level 1 step 18] ADVANCE with time = 0.2125 dt = 0.0125
[Level 1 step 18] Advanced 768 cells
Coarse STEP 9 ends. TIME = 0.225 DT = 0.025

Coarse STEP 10 starts ...
[Level 0 step 10] ADVANCE with time = 0.225 dt = 0.025
[Level 0 step 10] Advanced 512 cells
[Level 1 step 19] ADVANCE with time = 0.225 dt = 0.0125
[Level 1 step 19] Advanced 768 cells
[Level 1 step 20] ADVANCE with time = 0.2375 dt = 0.0125
[Level 1 step 20] Advanced 768 cells
Coarse STEP 10 ends. TIME = 0.25 DT = 0.025

Coarse STEP 11 starts ...
[Level 0 step 11] ADVANCE with time = 0.25 dt = 0.025
[Level 0 step 11] Advanced 512 cells
[Level 1 step 21] ADVANCE with time = 0.25 dt = 0.0125
[Level 1 step 21] Advanced 768 cells
[Level 1 step 22] ADVANCE with time = 0.2625 dt = 0.0125
[Level 1 step 22] Advanced 768 cells
Coarse STEP 11 ends. TIME = 0.275 DT = 0.025

Coarse STEP 12 starts ...
[Level 0 step 12] ADVANCE with time = 0.275 dt = 0.025
[Level 0 step 12] Advanced 512 cells
[Level 1 step 23] ADVANCE with time = 0.275 dt = 0.0125
[Level 1 step 23] Advanced 768 cells
[Level 1 step 24] ADVANCE with time = 0.2875 dt = 0.0125
[Level 1 step 24] Advanced 768 cells
Coarse STEP 12 ends. TIME = 0.3 DT = 0.025

Coarse STEP 13 starts ...
[Level 0 step 13] ADVANCE with time = 0.3 dt = 0.025
[Level 0 step 13] Advanced 512 cells
[Level 1 step 25] ADVANCE with time = 0.3 dt = 0.0125
[Level 1 step 25] Advanced 768 cells
[Level 1 step 26] ADVANCE with time = 0.3125 dt = 0.0125
[Level 1 step 26] Advanced 768 cells
Coarse STEP 13 ends. TIME = 0.325 DT = 0.025

Coarse STEP 14 starts ...
[Level 0 step 14] ADVANCE with time = 0.325 dt = 0.025
[Level 0 step 14] Advanced 512 cells
[Level 1 step 27] ADVANCE with time = 0.325 dt = 0.0125
[Level 1 step 27] Advanced 768 cells
[Level 1 step 28] ADVANCE with time = 0.3375 dt = 0.0125
[Level 1 step 28] Advanced 768 cells
Coarse STEP 14 ends. TIME = 0.35 DT = 0.025

Coarse STEP 15 starts ...
[Level 0 step 15] ADVANCE with time = 0.35 dt = 0.025
[Level 0 step 15] Advanced 512 cells
[Level 1 step 29] ADVANCE with time = 0.35 dt = 0.0125
[Level 1 step 29] Advanced 768 cells
[Level 1 step 30] ADVANCE with time = 0.3625 dt = 0.0125
[Level 1 step 30] Advanced 768 cells
Coarse STEP 15 ends. TIME = 0.375 DT = 0.025

Coarse STEP 16 starts ...
[Level 0 step 16] ADVANCE with time = 0.375 dt = 0.025
[Level 0 step 16] Advanced 512 cells
[Level 1 step 31] ADVANCE with time = 0.375 dt = 0.0125
[Level 1 step 31] Advanced 768 cells
[Level 1 step 32] ADVANCE with time = 0.3875 dt = 0.0125
[Level 1 step 32] Advanced 768 cells
Coarse STEP 16 ends. TIME = 0.4 DT = 0.025

Coarse STEP 17 starts ...
[Level 0 step 17] ADVANCE with time = 0.4 dt = 0.025
[Level 0 step 17] Advanced 512 cells
[Level 1 step 33] ADVANCE with time = 0.4 dt = 0.0125
[Level 1 step 33] Advanced 768 cells
[Level 1 step 34] ADVANCE with time = 0.4125 dt = 0.0125
[Level 1 step 34] Advanced 768 cells
Coarse STEP 17 ends. TIME = 0.425 DT = 0.025

Coarse STEP 18 starts ...
[Level 0 step 18] ADVANCE with time = 0.425 dt = 0.025
[Level 0 step 18] Advanced 512 cells
[Level 1 step 35] ADVANCE with time = 0.425 dt = 0.0125
[Level 1 step 35] Advanced 768 cells
[Level 1 step 36] ADVANCE with time = 0.4375 dt = 0.0125
[Level 1 step 36] Advanced 768 cells
Coarse STEP 18 ends. TIME = 0.45 DT = 0.025

Coarse STEP 19 starts ...
[Level 0 step 19] ADVANCE with time = 0.45 dt = 0.025
[Level 0 step 19] Advanced 512 cells
[Level 1 step 37] ADVANCE with time = 0.45 dt = 0.0125
[Level 1 step 37] Advanced 768 cells
[Level 1 step 38] ADVANCE with time = 0.4625 dt = 0.0125
[Level 1 step 38] Advanced 768 cells
Coarse STEP 19 ends. TIME = 0.475 DT = 0.025

Coarse STEP 20 starts ...
[Level 0 step 20] ADVANCE with time = 0.475 dt = 0.025
[Level 0 step 20] Advanced 512 cells
[Level 1 step 39] ADVANCE with time = 0.475 dt = 0.0125
[Level 1 step 39] Advanced 768 cells
[Level 1 step 40] ADVANCE with time = 0.4875 dt = 0.0125
[Level 1 step 40] Advanced 768 cells
Coarse STEP 20 ends. TIME = 0.5 DT = 0.025

Coarse STEP 21 starts ...
[Level 0 step 21] ADVANCE with time = 0.5 dt = 0.025
[Level 0 step 21] Advanced 512 cells
[Level 1 step 41] ADVANCE with time = 0.5 dt = 0.0125
[Level 1 step 41] Advanced 768 cells
[Level 1 step 42] ADVANCE with time = 0.5125 dt = 0.0125
[Level 1 step 42] Advanced 768 cells
Coarse STEP 21 ends. TIME = 0.525 DT = 0.025

Coarse STEP 22 starts ...
[Level 0 step 22] ADVANCE with time = 0.525 dt = 0.025
[Level 0 step 22] Advanced 512 cells
[Level 1 step 43] ADVANCE with time = 0.525 dt = 0.0125
[Level 1 step 43] Advanced 768 cells
[Level 1 step 44] ADVANCE with time = 0.5375 dt = 0.0125
[Level 1 step 44] Advanced 768 cells
Coarse STEP 22 ends. TIME = 0.55 DT = 0.025

Coarse STEP 23 starts ...
[Level 0 step 23] ADVANCE with time = 0.55 dt = 0.025
[Level 0 step 23] Advanced 512 cells
[Level 1 step 45] ADVANCE with time = 0.55 dt = 0.0125
[Level 1 step 45] Advanced 768 cells
[Level 1 step 46] ADVANCE with time = 0.5625 dt = 0.0125
[Level 1 step 46] Advanced 768 cells
Coarse STEP 23 ends. TIME = 0.575 DT = 0.025

Coarse STEP 24 starts ...
[Level 0 step 24] ADVANCE with time = 0.575 dt = 0.025
[Level 0 step 24] Advanced 512 cells
[Level 1 step 47] ADVANCE with time = 0.575 dt = 0.0125
[Level 1 step 47] Advanced 768 cells
[Level 1 step 48] ADVANCE with time = 0.5875 dt = 0.0125
[Level 1 step 48] Advanced 768 cells
Coarse STEP 24 ends. TIME = 0.6 DT = 0.025

Coarse STEP 25 starts ...
[Level 0 step 25] ADVANCE with time = 0.6 dt = 0.025
[Level 0 step 25] Advanced 512 cells
[Level 1 step 49] ADVANCE with time = 0.6 dt = 0.0125
[Level 1 step 49] Advanced 768 cells
[Level 1 step 50] ADVANCE with time = 0.6125 dt = 0.0125
[Level 1 step 50] Advanced 768 cells
Coarse STEP 25 ends. TIME = 0.625 DT = 0.025

Coarse STEP 26 starts ...
[Level 0 step 26] ADVANCE with time = 0.625 dt = 0.025
[Level 0 step 26] Advanced 512 cells
[Level 1 step 51] ADVANCE with time = 0.625 dt = 0.0125
[Level 1 step 51] Advanced 768 cells
[Level 1 step 52] ADVANCE with time = 0.6375 dt = 0.0125
[Level 1 step 52] Advanced 768 cells
Coarse STEP 26 ends. TIME = 0.65 DT = 0.025

Coarse STEP 27 starts ...
[Level 0 step 27] ADVANCE with time = 0.65 dt = 0.025
[Level 0 step 27] Advanced 512 cells
[Level 1 step 53] ADVANCE with time = 0.65 dt = 0.0125
[Level 1 step 53] Advanced 768 cells
[Level 1 step 54] ADVANCE with time = 0.6625 dt = 0.0125
[Level 1 step 54] Advanced 768 cells
Coarse STEP 27 ends. TIME = 0.675 DT = 0.025

Coarse STEP 28 starts ...
[Level 0 step 28] ADVANCE with time = 0.675 dt = 0.025
[Level 0 step 28] Advanced 512 cells
[Level 1 step 55] ADVANCE with time = 0.675 dt = 0.0125
[Level 1 step 55] Advanced 768 cells
[Level 1 step 56] ADVANCE with time = 0.6875 dt = 0.0125
[Level 1 step 56] Advanced 768 cells
Coarse STEP 28 ends. TIME = 0.7 DT = 0.025

Coarse STEP 29 starts ...
[Level 0 step 29] ADVANCE with time = 0.7 dt = 0.025
[Level 0 step 29] Advanced 512 cells
[Level 1 step 57] ADVANCE with time = 0.7 dt = 0.0125
[Level 1 step 57] Advanced 768 cells
[Level 1 step 58] ADVANCE with time = 0.7125 dt = 0.0125
[Level 1 step 58] Advanced 768 cells
Coarse STEP 29 ends. TIME = 0.725 DT = 0.025

Coarse STEP 30 starts ...
[Level 0 step 30] ADVANCE with time = 0.725 dt = 0.025
[Level 0 step 30] Advanced 512 cells
[Level 1 step 59] ADVANCE with time = 0.725 dt = 0.0125
[Level 1 step 59] Advanced 768 cells
[Level 1 step 60] ADVANCE with time = 0.7375 dt = 0.0125
[Level 1 step 60] Advanced 768 cells
Coarse STEP 30 ends. TIME = 0.75 DT = 0.025

Coarse STEP 31 starts ...
[Level 0 step 31] ADVANCE with time = 0.75 dt = 0.025
[Level 0 step 31] Advanced 512 cells
[Level 1 step 61] ADVANCE with time = 0.75 dt = 0.0125
[Level 1 step 61] Advanced 768 cells
[Level 1 step 62] ADVANCE with time = 0.7625 dt = 0.0125
[Level 1 step 62] Advanced 768 cells
Coarse STEP 31 ends. TIME = 0.775 DT = 0.025

Coarse STEP 32 starts ...
[Level 0 step 32] ADVANCE with time = 0.775 dt = 0.025
[Level 0 step 32] Advanced 512 cells
[Level 1 step 63] ADVANCE with time = 0.775 dt = 0.0125
[Level 1 step 63] Advanced 768 cells
[Level 1 step 64] ADVANCE with time = 0.7875 dt = 0.0125
[Level 1 step 64] Advanced 768 cells
Coarse STEP 32 ends. TIME = 0.8 DT = 0.025

Coarse STEP 33 starts ...
[Level 0 step 33] ADVANCE with time = 0.8 dt = 0.025
[Level 0 step 33] Advanced 512 cells
[Level 1 step 65] ADVANCE with time = 0.8 dt = 0.0125
[Level 1 step 65] Advanced 768 cells
[Level 1 step 66] ADVANCE with time = 0.8125 dt = 0.0125
[Level 1 step 66] Advanced 768 cells
Coarse STEP 33 ends. TIME = 0.825 DT = 0.025

Coarse STEP 34 starts ...
[Level 0 step 34] ADVANCE with time = 0.825 dt = 0.025
[Level 0 step 34] Advanced 512 cells
[Level 1 step 67] ADVANCE with time = 0.825 dt = 0.0125
[Level 1 step 67] Advanced 768 cells
[Level 1 step 68] ADVANCE with time = 0.8375 dt = 0.0125
[Level 1 step 68] Advanced 768 cells
Coarse STEP 34 ends. TIME = 0.85 DT = 0.025

Coarse STEP 35 starts ...
[Level 0 step 35] ADVANCE with time = 0.85 dt = 0.025
[Level 0 step 35] Advanced 512 cells
[Level 1 step 69] ADVANCE with time = 0.85 dt = 0.0125
[Level 1 step 69] Advanced 768 cells
[Level 1 step 70] ADVANCE with time = 0.8625 dt = 0.0125
[Level 1 step 70] Advanced 768 cells
Coarse STEP 35 ends. TIME = 0.875 DT = 0.025

Coarse STEP 36 starts ...
[Level 0 step 36] ADVANCE with time = 0.875 dt = 0.025
[Level 0 step 36] Advanced 512 cells
[Level 1 step 71] ADVANCE with time = 0.875 dt = 0.0125
[Level 1 step 71] Advanced 768 cells
[Level 1 step 72] ADVANCE with time = 0.8875 dt = 0.0125
[Level 1 step 72] Advanced 768 cells
Coarse STEP 36 ends. TIME = 0.9 DT = 0.025

Coarse STEP 37 starts ...
[Level 0 step 37] ADVANCE with time = 0.9 dt = 0.025
[Level 0 step 37] Advanced 512 cells
[Level 1 step 73] ADVANCE with time = 0.9 dt = 0.0125
[Level 1 step 73] Advanced 768 cells
[Level 1 step 74] ADVANCE with time = 0.9125 dt = 0.0125
[Level 1 step 74] Advanced 768 cells
Coarse STEP 37 ends. TIME = 0.925 DT = 0.025

Coarse STEP 38 starts ...
[Level 0 step 38] ADVANCE with time = 0.925 dt = 0.025
[Level 0 step 38] Advanced 512 cells
[Level 1 step 75] ADVANCE with time = 0.925 dt = 0.0125
[Level 1 step 75] Advanced 768 cells
[Level 1 step 76] ADVANCE with time = 0.9375 dt = 0.0125
[Level 1 step 76] Advanced 768 cells
Coarse STEP 38 ends. TIME = 0.95 DT = 0.025

Coarse STEP 39 starts ...
[Level 0 step 39] ADVANCE with time = 0.95 dt = 0.025
[Level 0 step 39] Advanced 512 cells
[Level 1 step 77] ADVANCE with time = 0.95 dt = 0.0125
[Level 1 step 77] Advanced 768 cells
[Level 1 step 78] ADVANCE with time = 0.9625 dt = 0.0125
[Level 1 step 78] Advanced 768 cells
Coarse STEP 39 ends. TIME = 0.975 DT = 0.025

Coarse STEP 40 starts ...
[Level 0 step 40] ADVANCE with time = 0.975 dt = 0.025
[Level 0 step 40] Advanced 512 cells
[Level 1 step 79] ADVANCE with time = 0.975 dt = 0.0125
[Level 1 step 79] Advanced 768 cells
[Level 1 step 80] ADVANCE with time = 0.9875 dt = 0.0125
[Level 1 step 80] Advanced 768 cells
Coarse STEP 40 ends. TIME = 1 DT = 0.025

Coarse STEP 41 starts ...
[Level 0 step 41] ADVANCE with time = 1 dt = 0.025
[Level 0 step 41] Advanced 512 cells
[Level 1 step 81] ADVANCE with time = 1 dt = 0.0125
[Level 1 step 81] Advanced 768 cells
[Level 1 step 82] ADVANCE with time = 1.0125 dt = 0.0125
[Level 1 step 82] Advanced 768 cells
Coarse STEP 41 ends. TIME = 1.025 DT = 0.025

Coarse STEP 42 starts ...
[Level 0 step 42] ADVANCE with time = 1.025 dt = 0.025
[Level 0 step 42] Advanced 512 cells
[Level 1 step 83] ADVANCE with time = 1.025 dt = 0.0125
[Level 1 step 83] Advanced 768 cells
[Level 1 step 84] ADVANCE with time = 1.0375 dt = 0.0125
[Level 1 step 84] Advanced 768 cells
Coarse STEP 42 ends. TIME = 1.05 DT = 0.025

Coarse STEP 43 starts ...
[Level 0 step 43] ADVANCE with time = 1.05 dt = 0.025
[Level 0 step 43] Advanced 512 cells
[Level 1 step 85] ADVANCE with time = 1.05 dt = 0.0125
[Level 1 step 85] Advanced 768 cells
[Level 1 step 86] ADVANCE with time = 1.0625 dt = 0.0125
[Level 1 step 86] Advanced 768 cells
Coarse STEP 43 ends. TIME = 1.075 DT = 0.025

Coarse STEP 44 starts ...
[Level 0 step 44] ADVANCE with time = 1.075 dt = 0.025
[Level 0 step 44] Advanced 512 cells
[Level 1 step 87] ADVANCE with time = 1.075 dt = 0.0125
[Level 1 step 87] Advanced 768 cells
[Level 1 step 88] ADVANCE with time = 1.0875 dt = 0.0125
[Level 1 step 88] Advanced 768 cells
Coarse STEP 44 ends. TIME = 1.1 DT = 0.025

Coarse STEP 45 starts ...
[Level 0 step 45] ADVANCE with time = 1.1 dt = 0.025
[Level 0 step 45] Advanced 512 cells
[Level 1 step 89] ADVANCE with time = 1.1 dt = 0.0125
[Level 1 step 89] Advanced 768 cells
[Level 1 step 90] ADVANCE with time = 1.1125 dt = 0.0125
[Level 1 step 90] Advanced 768 cells
Coarse STEP 45 ends. TIME = 1.125 DT = 0.025

Coarse STEP 46 starts ...
[Level 0 step 46] ADVANCE with time = 1.125 dt = 0.025
[Level 0 step 46] Advanced 512 cells
[Level 1 step 91] ADVANCE with time = 1.125 dt = 0.0125
[Level 1 step 91] Advanced 768 cells
[Level 1 step 92] ADVANCE with time = 1.1375 dt = 0.0125
[Level 1 step 92] Advanced 768 cells
Coarse STEP 46 ends. TIME = 1.15 DT = 0.025

Coarse STEP 47 starts ...
[Level 0 step 47] ADVANCE with time = 1.15 dt = 0.025
[Level 0 step 47] Advanced 512 cells
[Level 1 step 93] ADVANCE with time = 1.15 dt = 0.0125
[Level 1 step 93] Advanced 768 cells
[Level 1 step 94] ADVANCE with time = 1.1625 dt = 0.0125
[Level 1 step 94] Advanced 768 cells
Coarse STEP 47 ends. TIME = 1.175 DT = 0.025

Coarse STEP 48 starts ...
[Level 0 step 48] ADVANCE with time = 1.175 dt = 0.025
[Level 0 step 48] Advanced 512 cells
[Level 1 step 95] ADVANCE with time = 1.175 dt = 0.0125
[Level 1 step 95] Advanced 768 cells
[Level 1 step 96] ADVANCE with time = 1.1875 dt = 0.0125
[Level 1 step 96] Advanced 768 cells
Coarse STEP 48 ends. TIME = 1.2 DT = 0.025

Coarse STEP 49 starts ...
[Level 0 step 49] ADVANCE with time = 1.2 dt = 0.025
[Level 0 step 49] Advanced 512 cells
[Level 1 step 97] ADVANCE with time = 1.2 dt = 0.0125
[Level 1 step 97] Advanced 768 cells
[Level 1 step 98] ADVANCE with time = 1.2125 dt = 0.0125
[Level 1 step 98] Advanced 768 cells
Coarse STEP 49 ends. TIME = 1.225 DT = 0.025

Coarse STEP 50 starts ...
[Level 0 step 50] ADVANCE with time = 1.225 dt = 0.025
[Level 0 step 50] Advanced 512 cells
[Level 1 step 99] ADVANCE with time = 1.225 dt = 0.0125
[Level 1 step 99] Advanced 768 cells
[Level 1 step 100] ADVANCE with time = 1.2375 dt = 0.0125
[Level 1 step 100] Advanced 768 cells
Coarse STEP 50 ends. TIME = 1.25 DT = 0.025

Coarse STEP 51 starts ...
[Level 0 step 51] ADVANCE with time = 1.25 dt = 0.025
[Level 0 step 51] Advanced 512 cells
[Level 1 step 101] ADVANCE with time = 1.25 dt = 0.0125
[Level 1 step 101] Advanced 768 cells
[Level 1 step 102] ADVANCE with time = 1.2625 dt = 0.0125
[Level 1 step 102] Advanced 768 cells
Coarse STEP 51 ends. TIME = 1.275 DT = 0.025

Coarse STEP 52 starts ...
[Level 0 step 52] ADVANCE with time = 1.275 dt = 0.025
[Level 0 step 52] Advanced 512 cells
[Level 1 step 103] ADVANCE with time = 1.275 dt = 0.0125
[Level 1 step 103] Advanced 768 cells
[Level 1 step 104] ADVANCE with time = 1.2875 dt = 0.0125
[Level 1 step 104] Advanced 768 cells
Coarse STEP 52 ends. TIME = 1.3 DT = 0.025

Coarse STEP 53 starts ...
[Level 0 step 53] ADVANCE with time = 1.3 dt = 0.025
[Level 0 step 53] Advanced 512 cells
[Level 1 step 105] ADVANCE with time = 1.3 dt = 0.0125
[Level 1 step 105] Advanced 768 cells
[Level 1 step 106] ADVANCE with time = 1.3125 dt = 0.0125
[Level 1 step 106] Advanced 768 cells
Coarse STEP 53 ends. TIME = 1.325 DT = 0.025

Coarse STEP 54 starts ...
[Level 0 step 54] ADVANCE with time = 1.325 dt = 0.025
[Level 0 step 54] Advanced 512 cells
[Level 1 step 107] ADVANCE with time = 1.325 dt = 0.0125
[Level 1 step 107] Advanced 768 cells
[Level 1 step 108] ADVANCE with time = 1.3375 dt = 0.0125
[Level 1 step 108] Advanced 768 cells
Coarse STEP 54 ends. TIME = 1.35 DT = 0.025
Writing plotfile plt00054

Total Time: 0.888876396

Evolve Time: 0.857812852
AMReX (23.02) finalized
